<?xml version="1.0" encoding="UTF-8"?>
<testsuite xmlns:xsi="http://www.w3.org/2001/XMLSchema-instance" xsi:noNamespaceSchemaLocation="https://maven.apache.org/surefire/maven-surefire-plugin/xsd/surefire-test-report-3.0.xsd" version="3.0" name="com.testproyectum.crud.controller.ProductoControllerTest" time="11.213" tests="1" errors="0" skipped="0" failures="0">
  <properties>
[...]
</properties>
  <testcase name="testCrearYListarProductos" classname="com.testproyectum.crud.controller.ProductoControllerTest" time="1.686">
    <system-out><![CDATA[19:45:53.804 [main] INFO org.springframework.test.context.support.AnnotationConfigContextLoaderUtils -- Could not detect default configuration classes for test class [com.testproyectum.crud.controller.ProductoControllerTest]: ProductoControllerTest does not declare any static, non-private, non-final, nested classes annotated with @Configuration.
19:45:53.962 [main] INFO org.springframework.boot.test.context.SpringBootTestContextBootstrapper -- Found @SpringBootConfiguration com.testproyectum.crud.CrudUsuariosApplication for test class com.testproyectum.crud.controller.ProductoControllerTest

  .   ____          _            __ _ _
 /\\ / ___'_ __ _ _(_)_ __  __ _ \ \ \ \
( ( )\___ | '_ | '_| | '_ \/ _` | \ \ \ \
 \\/  ___)| |_)| | | | | || (_| |  ) ) ) )
  '  |____| .__|_| |_|_| |_\__, | / / / /
 =========|_|==============|___/=/_/_/_/

 :: Spring Boot ::                (v3.3.4)

2025-09-14T19:45:54.689-03:00  INFO 17676 --- [           main] c.t.c.controller.ProductoControllerTest  : Starting ProductoControllerTest using Java 17.0.2 with PID 17676 (started by CarlosR in c:\java\CRUD)
2025-09-14T19:45:54.693-03:00  INFO 17676 --- [           main] c.t.c.controller.ProductoControllerTest  : No active profile set, falling back to 1 default profile: "default"
2025-09-14T19:45:56.086-03:00  INFO 17676 --- [           main] .s.d.r.c.RepositoryConfigurationDelegate : Bootstrapping Spring Data JPA repositories in DEFAULT mode.
2025-09-14T19:45:56.195-03:00  INFO 17676 --- [           main] .s.d.r.c.RepositoryConfigurationDelegate : Finished Spring Data repository scanning in 96 ms. Found 2 JPA repository interfaces.
2025-09-14T19:45:57.051-03:00  INFO 17676 --- [           main] o.hibernate.jpa.internal.util.LogHelper  : HHH000204: Processing PersistenceUnitInfo [name: default]
2025-09-14T19:45:57.150-03:00  INFO 17676 --- [           main] org.hibernate.Version                    : HHH000412: Hibernate ORM core version 6.5.3.Final
2025-09-14T19:45:57.212-03:00  INFO 17676 --- [           main] o.h.c.internal.RegionFactoryInitiator    : HHH000026: Second-level cache disabled
2025-09-14T19:45:57.816-03:00  INFO 17676 --- [           main] o.s.o.j.p.SpringPersistenceUnitInfo      : No LoadTimeWeaver setup: ignoring JPA class transformer
2025-09-14T19:45:57.884-03:00  INFO 17676 --- [           main] com.zaxxer.hikari.HikariDataSource       : HikariPool-1 - Starting...
2025-09-14T19:45:58.217-03:00  INFO 17676 --- [           main] com.zaxxer.hikari.pool.HikariPool        : HikariPool-1 - Added connection conn0: url=jdbc:h2:mem:testdb user=SA
2025-09-14T19:45:58.220-03:00  INFO 17676 --- [           main] com.zaxxer.hikari.HikariDataSource       : HikariPool-1 - Start completed.
2025-09-14T19:45:58.274-03:00  WARN 17676 --- [           main] org.hibernate.orm.deprecation            : HHH90000025: H2Dialect does not need to be specified explicitly using 'hibernate.dialect' (remove the property setting and it will be selected by default)
2025-09-14T19:45:59.926-03:00  INFO 17676 --- [           main] o.h.e.t.j.p.i.JtaPlatformInitiator       : HHH000489: No JTA platform available (set 'hibernate.transaction.jta.platform' to enable JTA platform integration)
2025-09-14T19:46:00.003-03:00 DEBUG 17676 --- [           main] org.hibernate.SQL                        : create table producto (id bigint generated by default as identity, nombre varchar(255), precio float(53), stock integer, primary key (id))
2025-09-14T19:46:00.022-03:00 DEBUG 17676 --- [           main] org.hibernate.SQL                        : create table usuario (id bigint generated by default as identity, clave varchar(255), edad integer not null, email varchar(255), nombre varchar(255), username varchar(255), primary key (id))
2025-09-14T19:46:00.030-03:00  INFO 17676 --- [           main] j.LocalContainerEntityManagerFactoryBean : Initialized JPA EntityManagerFactory for persistence unit 'default'
2025-09-14T19:46:00.552-03:00  INFO 17676 --- [           main] o.s.d.j.r.query.QueryEnhancerFactory     : Hibernate is in classpath; If applicable, HQL parser will be used.
2025-09-14T19:46:01.549-03:00  WARN 17676 --- [           main] JpaBaseConfiguration$JpaWebConfiguration : spring.jpa.open-in-view is enabled by default. Therefore, database queries may be performed during view rendering. Explicitly configure spring.jpa.open-in-view to disable this warning
2025-09-14T19:46:01.617-03:00  WARN 17676 --- [           main] .s.s.UserDetailsServiceAutoConfiguration : 

Using generated security password: 5ec7808d-51b9-4a53-a659-94acabea4b71

This generated password is for development use only. Your security configuration must be updated before running your application in production.

2025-09-14T19:46:01.653-03:00  INFO 17676 --- [           main] r$InitializeUserDetailsManagerConfigurer : Global AuthenticationManager configured with UserDetailsService bean with name inMemoryUserDetailsManager
2025-09-14T19:46:02.760-03:00  INFO 17676 --- [           main] o.s.b.a.h2.H2ConsoleAutoConfiguration    : H2 console available at '/h2-console'. Database available at 'jdbc:h2:mem:testdb'
2025-09-14T19:46:02.990-03:00  INFO 17676 --- [           main] o.s.b.t.m.w.SpringBootMockServletContext : Initializing Spring TestDispatcherServlet ''
2025-09-14T19:46:02.990-03:00  INFO 17676 --- [           main] o.s.t.web.servlet.TestDispatcherServlet  : Initializing Servlet ''
2025-09-14T19:46:02.992-03:00  INFO 17676 --- [           main] o.s.t.web.servlet.TestDispatcherServlet  : Completed initialization in 1 ms
2025-09-14T19:46:03.030-03:00  INFO 17676 --- [           main] c.t.c.controller.ProductoControllerTest  : Started ProductoControllerTest in 8.843 seconds (process running for 10.253)
2025-09-14T19:46:04.170-03:00 DEBUG 17676 --- [           main] org.hibernate.SQL                        : select p1_0.id,p1_0.nombre,p1_0.precio,p1_0.stock from producto p1_0
2025-09-14T19:46:04.228-03:00 DEBUG 17676 --- [           main] org.hibernate.SQL                        : delete from producto where id=?
2025-09-14T19:46:04.231-03:00 DEBUG 17676 --- [           main] org.hibernate.SQL                        : delete from producto where id=?
2025-09-14T19:46:04.235-03:00 DEBUG 17676 --- [           main] org.hibernate.SQL                        : select u1_0.id,u1_0.clave,u1_0.edad,u1_0.email,u1_0.nombre,u1_0.username from usuario u1_0
2025-09-14T19:46:04.237-03:00 DEBUG 17676 --- [           main] org.hibernate.SQL                        : delete from usuario where id=?
&amp#27;[34m🔧 Preparando datos de prueba...&amp#27;[0m
2025-09-14T19:46:04.246-03:00 DEBUG 17676 --- [           main] org.hibernate.SQL                        : insert into usuario (clave,edad,email,nombre,username,id) values (?,?,?,?,?,default)
2025-09-14T19:46:04.396-03:00 DEBUG 17676 --- [           main] org.hibernate.SQL                        : select u1_0.id,u1_0.clave,u1_0.edad,u1_0.email,u1_0.nombre,u1_0.username from usuario u1_0
2025-09-14T19:46:04.427-03:00 DEBUG 17676 --- [           main] org.hibernate.SQL                        : select u1_0.id,u1_0.clave,u1_0.edad,u1_0.email,u1_0.nombre,u1_0.username from usuario u1_0 where u1_0.email=?
&amp#27;[32m✅ Login exitoso. Token obtenido.&amp#27;[0m
&amp#27;[34m📤 Enviando POST /productos...&amp#27;[0m
2025-09-14T19:46:04.636-03:00 DEBUG 17676 --- [           main] org.hibernate.SQL                        : insert into producto (nombre,precio,stock,id) values (?,?,?,default)
&amp#27;[32m✅ Producto creado correctamente&amp#27;[0m
&amp#27;[34m📥 Consultando GET /productos...&amp#27;[0m
2025-09-14T19:46:04.667-03:00 DEBUG 17676 --- [           main] org.hibernate.SQL                        : select p1_0.id,p1_0.nombre,p1_0.precio,p1_0.stock from producto p1_0
&amp#27;[32m✅ Listado de productos correcto&amp#27;[0m
&amp#27;[33m📦 Respuesta de la API: &amp#27;[0m[{"id":3,"nombre":"Laptop xyz","precio":1200.0,"stock":10}]
]]></system-out>
  </testcase>
</testsuite>